<?xml version="1.0" encoding="UTF-8"?>
<!-- Generated by org.testng.reporters.JUnitXMLReporter -->
<testsuite hostname="boww-pc" ignored="0" name="Default test(failed)" tests="1" failures="1" timestamp="06 Apr 2019 17:52:01 GMT" time="14.697" errors="0">
  <testcase name="feature" time="13.732" classname="cucumber.api.testng.AbstractTestNGCucumberTests">
    <failure type="cucumber.runtime.CucumberException" message="java.lang.AssertionError">
      <![CDATA[cucumber.runtime.CucumberException: java.lang.AssertionError
at cucumber.api.testng.TestNGCucumberRunner.runCucumber(TestNGCucumberRunner.java:69)
at cucumber.api.testng.AbstractTestNGCucumberTests.feature(AbstractTestNGCucumberTests.java:21)
Caused by: java.lang.AssertionError
at StepDef.StepDefinition.day(StepDefinition.java:84)
at âœ½.Then user select date(src/test/Resources/featureFiles/BootCa.feature:15)
... Removed 25 stack frames]]>
    </failure>
  </testcase> <!-- feature -->
</testsuite> <!-- Default test(failed) -->
