<?xml version="1.0" encoding="UTF-8" ?>
<testsuite tests="1" failures="1" name="Runners.TestRunner" time="20.774" errors="0" skipped="0">
  <properties>
    <property name="java.runtime.name" value="Java(TM) SE Runtime Environment"/>
    <property name="sun.boot.library.path" value="C:\Program Files\Java\jre1.8.0_161\bin"/>
    <property name="java.vm.version" value="25.161-b12"/>
    <property name="java.vm.vendor" value="Oracle Corporation"/>
    <property name="java.vendor.url" value="http://java.oracle.com/"/>
    <property name="path.separator" value=";"/>
    <property name="guice.disable.misplaced.annotation.check" value="true"/>
    <property name="java.vm.name" value="Java HotSpot(TM) 64-Bit Server VM"/>
    <property name="file.encoding.pkg" value="sun.io"/>
    <property name="user.script" value=""/>
    <property name="user.country" value="US"/>
    <property name="sun.java.launcher" value="SUN_STANDARD"/>
    <property name="sun.os.patch.level" value=""/>
    <property name="java.vm.specification.name" value="Java Virtual Machine Specification"/>
    <property name="user.dir" value="C:\Users\bantt\BootCamp_2018"/>
    <property name="java.runtime.version" value="1.8.0_161-b12"/>
    <property name="java.awt.graphicsenv" value="sun.awt.Win32GraphicsEnvironment"/>
    <property name="java.endorsed.dirs" value="C:\Program Files\Java\jre1.8.0_161\lib\endorsed"/>
    <property name="os.arch" value="amd64"/>
    <property name="java.io.tmpdir" value="C:\Users\bantt\AppData\Local\Temp\"/>
    <property name="line.separator" value="
"/>
    <property name="java.vm.specification.vendor" value="Oracle Corporation"/>
    <property name="user.variant" value=""/>
    <property name="os.name" value="Windows 10"/>
    <property name="classworlds.conf" value="C:\Users\bantt\.metadata\.plugins\org.eclipse.m2e.launching\launches\m2conf2196964136853033659.tmp"/>
    <property name="sun.jnu.encoding" value="Cp1252"/>
    <property name="java.library.path" value="C:\Program Files\Java\jre1.8.0_161\bin;C:\WINDOWS\Sun\Java\bin;C:\WINDOWS\system32;C:\WINDOWS;C:/Program Files/Java/jre1.8.0_161/bin/server;C:/Program Files/Java/jre1.8.0_161/bin;C:/Program Files/Java/jre1.8.0_161/lib/amd64;C:\ProgramData\Oracle\Java\javapath;C:\Program Files (x86)\Intel\iCLS Client\;C:\Program Files\Intel\iCLS Client\;C:\WINDOWS\system32;C:\WINDOWS;C:\WINDOWS\System32\Wbem;C:\WINDOWS\System32\WindowsPowerShell\v1.0\;C:\Program Files (x86)\Intel\Intel(R) Management Engine Components\DAL;C:\Program Files\Intel\Intel(R) Management Engine Components\DAL;C:\Program Files (x86)\Intel\Intel(R) Management Engine Components\IPT;C:\Program Files\Intel\Intel(R) Management Engine Components\IPT;C:\Program Files\Java\jdk1.8.0_151\bin;C:\Program Files\Java\jre1.8.0_151\bin;C:\Program Files\Git\cmd;C:\Program Files\Microsoft SQL Server\Client SDK\ODBC\130\Tools\Binn\;C:\Program Files (x86)\Microsoft SQL Server\140\Tools\Binn\;C:\Program Files\Microsoft SQL Server\140\Tools\Binn\;C:\Program Files\Microsoft SQL Server\140\DTS\Binn\;C:\WINDOWS\System32\OpenSSH\;C:\Program Files\dotnet\;C:\Program Files\Intel\WiFi\bin\;C:\Program Files\Common Files\Intel\WirelessCommon\;C:\Users\bantt\Documents\apache-maven-3.5.3-bin\apache-maven-3.5.3\lib;C:\Program Files\Intel\WiFi\bin\;C:\Program Files\Common Files\Intel\WirelessCommon\;C:\Users\bantt\AppData\Local\GitHubDesktop\bin;;C:\Users\bantt\AppData\Local\Microsoft\WindowsApps;C:\mezmur\eclipse;;."/>
    <property name="java.specification.name" value="Java Platform API Specification"/>
    <property name="java.class.version" value="52.0"/>
    <property name="sun.management.compiler" value="HotSpot 64-Bit Tiered Compilers"/>
    <property name="os.version" value="10.0"/>
    <property name="user.home" value="C:\Users\bantt"/>
    <property name="user.timezone" value="America/Los_Angeles"/>
    <property name="java.awt.printerjob" value="sun.awt.windows.WPrinterJob"/>
    <property name="java.specification.version" value="1.8"/>
    <property name="file.encoding" value="Cp1252"/>
    <property name="user.name" value="bantt"/>
    <property name="java.class.path" value="/C:/mezmur/eclipse/plugins/org.eclipse.m2e.maven.runtime_1.5.0.20140605-2032/jars/plexus-classworlds-2.5.1.jar"/>
    <property name="org.slf4j.simpleLogger.defaultLogLevel" value="info"/>
    <property name="java.vm.specification.version" value="1.8"/>
    <property name="sun.arch.data.model" value="64"/>
    <property name="java.home" value="C:\Program Files\Java\jre1.8.0_161"/>
    <property name="sun.java.command" value="org.codehaus.plexus.classworlds.launcher.Launcher -B install"/>
    <property name="java.specification.vendor" value="Oracle Corporation"/>
    <property name="user.language" value="en"/>
    <property name="awt.toolkit" value="sun.awt.windows.WToolkit"/>
    <property name="java.vm.info" value="mixed mode"/>
    <property name="java.version" value="1.8.0_161"/>
    <property name="java.ext.dirs" value="C:\Program Files\Java\jre1.8.0_161\lib\ext;C:\WINDOWS\Sun\Java\lib\ext"/>
    <property name="sun.boot.class.path" value="C:\Program Files\Java\jre1.8.0_161\lib\resources.jar;C:\Program Files\Java\jre1.8.0_161\lib\rt.jar;C:\Program Files\Java\jre1.8.0_161\lib\sunrsasign.jar;C:\Program Files\Java\jre1.8.0_161\lib\jsse.jar;C:\Program Files\Java\jre1.8.0_161\lib\jce.jar;C:\Program Files\Java\jre1.8.0_161\lib\charsets.jar;C:\Program Files\Java\jre1.8.0_161\lib\jfr.jar;C:\Program Files\Java\jre1.8.0_161\classes"/>
    <property name="java.vendor" value="Oracle Corporation"/>
    <property name="maven.home" value="C:\Users\bantt\BootCamp_2018\EMBEDDED"/>
    <property name="file.separator" value="\"/>
    <property name="java.vendor.url.bug" value="http://bugreport.sun.com/bugreport/"/>
    <property name="sun.cpu.endian" value="little"/>
    <property name="sun.io.unicode.encoding" value="UnicodeLittle"/>
    <property name="sun.desktop" value="windows"/>
    <property name="sun.cpu.isalist" value="amd64"/>
  </properties>
  <testcase classname="Runners.TestRunner" name="feature" time="20.774">
    <failure message="java.lang.AssertionError" type="cucumber.runtime.CucumberException">cucumber.runtime.CucumberException: java.lang.AssertionError
	at cucumber.api.testng.TestNGCucumberRunner.runCucumber(TestNGCucumberRunner.java:69)
	at cucumber.api.testng.AbstractTestNGCucumberTests.feature(AbstractTestNGCucumberTests.java:21)
	at sun.reflect.NativeMethodAccessorImpl.invoke0(Native Method)
	at sun.reflect.NativeMethodAccessorImpl.invoke(Unknown Source)
	at sun.reflect.DelegatingMethodAccessorImpl.invoke(Unknown Source)
	at java.lang.reflect.Method.invoke(Unknown Source)
	at org.testng.internal.MethodInvocationHelper.invokeMethod(MethodInvocationHelper.java:108)
	at org.testng.internal.Invoker.invokeMethod(Invoker.java:661)
	at org.testng.internal.Invoker.invokeTestMethod(Invoker.java:869)
	at org.testng.internal.Invoker.invokeTestMethods(Invoker.java:1193)
	at org.testng.internal.TestMethodWorker.invokeTestMethods(TestMethodWorker.java:126)
	at org.testng.internal.TestMethodWorker.run(TestMethodWorker.java:109)
	at org.testng.TestRunner.privateRun(TestRunner.java:744)
	at org.testng.TestRunner.run(TestRunner.java:602)
	at org.testng.SuiteRunner.runTest(SuiteRunner.java:380)
	at org.testng.SuiteRunner.runSequentially(SuiteRunner.java:375)
	at org.testng.SuiteRunner.privateRun(SuiteRunner.java:340)
	at org.testng.SuiteRunner.run(SuiteRunner.java:289)
	at org.testng.SuiteRunnerWorker.runSuite(SuiteRunnerWorker.java:52)
	at org.testng.SuiteRunnerWorker.run(SuiteRunnerWorker.java:86)
	at org.testng.TestNG.runSuitesSequentially(TestNG.java:1301)
	at org.testng.TestNG.runSuitesLocally(TestNG.java:1226)
	at org.testng.TestNG.runSuites(TestNG.java:1144)
	at org.testng.TestNG.run(TestNG.java:1115)
	at org.apache.maven.surefire.testng.TestNGExecutor.run(TestNGExecutor.java:77)
	at org.apache.maven.surefire.testng.TestNGDirectoryTestSuite.execute(TestNGDirectoryTestSuite.java:110)
	at org.apache.maven.surefire.testng.TestNGProvider.invoke(TestNGProvider.java:106)
	at sun.reflect.NativeMethodAccessorImpl.invoke0(Native Method)
	at sun.reflect.NativeMethodAccessorImpl.invoke(Unknown Source)
	at sun.reflect.DelegatingMethodAccessorImpl.invoke(Unknown Source)
	at java.lang.reflect.Method.invoke(Unknown Source)
	at org.apache.maven.surefire.util.ReflectionUtils.invokeMethodWithArray(ReflectionUtils.java:189)
	at org.apache.maven.surefire.booter.ProviderFactory$ProviderProxy.invoke(ProviderFactory.java:165)
	at org.apache.maven.surefire.booter.ProviderFactory.invokeProvider(ProviderFactory.java:85)
	at org.apache.maven.surefire.booter.ForkedBooter.runSuitesInProcess(ForkedBooter.java:115)
	at org.apache.maven.surefire.booter.ForkedBooter.main(ForkedBooter.java:75)
Caused by: java.lang.AssertionError
	at org.junit.Assert.fail(Assert.java:86)
	at org.junit.Assert.assertTrue(Assert.java:41)
	at org.junit.Assert.assertTrue(Assert.java:52)
	at StepDef.StepDefinition.homepage(StepDefinition.java:51)
	at ✽.Given user lands on yelp home page(src/test/Resources/featureFiles/BootCa.feature:7)
Caused by: java.lang.AssertionError
	at org.junit.Assert.fail(Assert.java:86)
	at org.junit.Assert.assertTrue(Assert.java:41)
	at org.junit.Assert.assertTrue(Assert.java:52)
	at StepDef.StepDefinition.homepage(StepDefinition.java:51)
	at ✽.Given user lands on yelp home page(src/test/Resources/featureFiles/BootCa.feature:7)
</failure>
    <system-out>Configuring TestNG with: org.apache.maven.surefire.testng.conf.TestNG652Configurator@2db0f6b2
Feature: signup for yelp account
  As anew yelp user 
       I should be able to sign up

  @Smoke
  Scenario Outline: cheking yelp signup functionality &amp;#27;[90m# src/test/Resources/featureFiles/BootCa.feature:6&amp;#27;[0m
    &amp;#27;[36mGiven &amp;#27;[0m&amp;#27;[36muser lands on yelp home page&amp;#27;[0m
    &amp;#27;[36mThen &amp;#27;[0m&amp;#27;[36mClick on Signup button&amp;#27;[0m
    &amp;#27;[36mThen &amp;#27;[0m&amp;#27;[36muser enter &quot;&lt;firstname&gt;&quot; &quot;&lt;value&gt;&quot;&amp;#27;[0m
    &amp;#27;[36mThen &amp;#27;[0m&amp;#27;[36muser enter &quot;&lt;lastname&gt;&quot; &quot;&lt;value2&gt;&quot;&amp;#27;[0m
    &amp;#27;[36mThen &amp;#27;[0m&amp;#27;[36muser enter &quot;&lt;emai&gt;&quot; &quot;&lt;value3&gt;&quot;&amp;#27;[0m
    &amp;#27;[36mThen &amp;#27;[0m&amp;#27;[36muser enter &quot;&lt;pass&gt;&quot; &quot;&lt;value4&gt;&quot;&amp;#27;[0m
    &amp;#27;[36mThen &amp;#27;[0m&amp;#27;[36muser enter &quot;&lt;zip&gt;&quot; &quot;&lt;value5&gt;&quot;&amp;#27;[0m
    &amp;#27;[36mThen &amp;#27;[0m&amp;#27;[36muser select month&amp;#27;[0m
    &amp;#27;[36mThen &amp;#27;[0m&amp;#27;[36muser select date&amp;#27;[0m
    &amp;#27;[36mThen &amp;#27;[0m&amp;#27;[36muser select year&amp;#27;[0m
    &amp;#27;[36mThen &amp;#27;[0m&amp;#27;[36mClick on Signup buttonn&amp;#27;[0m

    #	Then get all links
    #	Then user take screenshot
    #
    Examples: 
this is before class
the title of the page isRestaurants, Dentists, Bars, Beauty Salons, Doctors - Yelp
&amp;#27;[34mFinished scenario&amp;#27;[0m

  @Smoke
  Scenario Outline: cheking yelp signup functionality &amp;#27;[90m# src/test/Resources/featureFiles/BootCa.feature:25&amp;#27;[0m
    &amp;#27;[31mGiven &amp;#27;[0m&amp;#27;[31muser lands on yelp home page&amp;#27;[0m                &amp;#27;[90m# StepDefinition.homepage()&amp;#27;[0m
      &amp;#27;[31mjava.lang.AssertionError
      	at org.junit.Assert.fail(Assert.java:86)
      	at org.junit.Assert.assertTrue(Assert.java:41)
      	at org.junit.Assert.assertTrue(Assert.java:52)
      	at StepDef.StepDefinition.homepage(StepDefinition.java:51)
      	at ?.Given user lands on yelp home page(src/test/Resources/featureFiles/BootCa.feature:7)
      &amp;#27;[0m
    &amp;#27;[36mThen &amp;#27;[0m&amp;#27;[36mClick on Signup button&amp;#27;[0m                       &amp;#27;[90m# StepDefinition.click_on_signup()&amp;#27;[0m
    &amp;#27;[36mThen &amp;#27;[0m&amp;#27;[36muser enter &quot;&amp;#27;[0m&amp;#27;[36m&amp;#27;[1mfirstn&amp;#27;[0m&amp;#27;[36m&quot; &quot;&amp;#27;[0m&amp;#27;[36m&amp;#27;[1mBantamelak&amp;#27;[0m&amp;#27;[36m&quot;&amp;#27;[0m             &amp;#27;[90m# StepDefinition.enter_all_credential(String,String)&amp;#27;[0m
    &amp;#27;[36mThen &amp;#27;[0m&amp;#27;[36muser enter &quot;&amp;#27;[0m&amp;#27;[36m&amp;#27;[1mlastna&amp;#27;[0m&amp;#27;[36m&quot; &quot;&amp;#27;[0m&amp;#27;[36m&amp;#27;[1mTafete&amp;#27;[0m&amp;#27;[36m&quot;&amp;#27;[0m                 &amp;#27;[90m# StepDefinition.enter_all_credential(String,String)&amp;#27;[0m
    &amp;#27;[36mThen &amp;#27;[0m&amp;#27;[36muser enter &quot;&amp;#27;[0m&amp;#27;[36m&amp;#27;[1memail&amp;#27;[0m&amp;#27;[36m&quot; &quot;&amp;#27;[0m&amp;#27;[36m&amp;#27;[1mBanatamelak@gmail.com&amp;#27;[0m&amp;#27;[36m&quot;&amp;#27;[0m   &amp;#27;[90m# StepDefinition.enter_all_credential(String,String)&amp;#27;[0m
    &amp;#27;[36mThen &amp;#27;[0m&amp;#27;[36muser enter &quot;&amp;#27;[0m&amp;#27;[36m&amp;#27;[1mpassword&amp;#27;[0m&amp;#27;[36m&quot; &quot;&amp;#27;[0m&amp;#27;[36m&amp;#27;[1mfasika2112&amp;#27;[0m&amp;#27;[36m&quot;&amp;#27;[0m           &amp;#27;[90m# StepDefinition.enter_all_credential(String,String)&amp;#27;[0m
    &amp;#27;[36mThen &amp;#27;[0m&amp;#27;[36muser enter &quot;&amp;#27;[0m&amp;#27;[36m&amp;#27;[1mzipp&amp;#27;[0m&amp;#27;[36m&quot; &quot;&amp;#27;[0m&amp;#27;[36m&amp;#27;[1m20887&amp;#27;[0m&amp;#27;[36m&quot;&amp;#27;[0m                    &amp;#27;[90m# StepDefinition.enter_all_credential(String,String)&amp;#27;[0m
    &amp;#27;[36mThen &amp;#27;[0m&amp;#27;[36muser select month&amp;#27;[0m                            &amp;#27;[90m# StepDefinition.month()&amp;#27;[0m
    &amp;#27;[36mThen &amp;#27;[0m&amp;#27;[36muser select date&amp;#27;[0m                             &amp;#27;[90m# StepDefinition.day()&amp;#27;[0m
    &amp;#27;[36mThen &amp;#27;[0m&amp;#27;[36muser select year&amp;#27;[0m                             &amp;#27;[90m# StepDefinition.year()&amp;#27;[0m
    &amp;#27;[36mThen &amp;#27;[0m&amp;#27;[36mClick on Signup buttonn&amp;#27;[0m                      &amp;#27;[90m# StepDefinition.click_on_signupp()&amp;#27;[0m
</system-out>
    <system-err>Starting ChromeDriver 2.38.552522 (437e6fbedfa8762dec75e2c5b3ddb86763dc9dcb) on port 10383
Only local connections are allowed.
Apr 01, 2019 11:51:37 AM org.openqa.selenium.remote.ProtocolHandshake createSession
INFO: Detected dialect: OSS
</system-err>
  </testcase>
</testsuite>